<?xml version="1.0" encoding="UTF-8"?>
<testng-results skipped="0" failed="0" ignored="0" total="1" passed="1">
  <reporter-output>
  </reporter-output>
  <suite name="regression" duration-ms="32083" started-at="2021-03-21T18:04:15Z" finished-at="2021-03-21T18:04:47Z">
    <groups>
    </groups>
    <test name="LoginTest" duration-ms="32083" started-at="2021-03-21T18:04:15Z" finished-at="2021-03-21T18:04:47Z">
      <class name="test.AddCustomerTest">
        <test-method status="PASS" signature="userShouldBeAbleToUseSearchbarOnListCustomer(java.lang.String, java.lang.String, java.lang.String, java.lang.String, java.lang.String, java.lang.String, java.lang.String, java.lang.String, java.lang.String, java.lang.String, java.lang.String)[pri:0, instance:test.AddCustomerTest@51565ec2]" name="userShouldBeAbleToUseSearchbarOnListCustomer" duration-ms="31997" started-at="2021-03-21T18:04:15Z" finished-at="2021-03-21T18:04:47Z">
          <params>
            <param index="0">
              <value>
                <![CDATA[demo@techfios.com]]>
              </value>
            </param>
            <param index="1">
              <value>
                <![CDATA[abc123]]>
              </value>
            </param>
            <param index="2">
              <value>
                <![CDATA[Selenium]]>
              </value>
            </param>
            <param index="3">
              <value>
                <![CDATA[Techfios]]>
              </value>
            </param>
            <param index="4">
              <value>
                <![CDATA[msexcell@gmail.com]]>
              </value>
            </param>
            <param index="5">
              <value>
                <![CDATA[231546]]>
              </value>
            </param>
            <param index="6">
              <value>
                <![CDATA[Techfios Building]]>
              </value>
            </param>
            <param index="7">
              <value>
                <![CDATA[Carrolton]]>
              </value>
            </param>
            <param index="8">
              <value>
                <![CDATA[NewCastle]]>
              </value>
            </param>
            <param index="9">
              <value>
                <![CDATA[75009]]>
              </value>
            </param>
            <param index="10">
              <value>
                <![CDATA[United Kingdom]]>
              </value>
            </param>
          </params>
          <reporter-output>
          </reporter-output>
        </test-method> <!-- userShouldBeAbleToUseSearchbarOnListCustomer -->
      </class> <!-- test.AddCustomerTest -->
    </test> <!-- LoginTest -->
  </suite> <!-- regression -->
</testng-results>
